Build started 12/27/2017 12:50:10 PM.
     1>Project "C:\Users\Mostafa\Documents\Visual Studio 2013\Projects\Project\OpenGLMeshLoader.vcxproj" on node 2 (Build target(s)).
     1>C:\Program Files (x86)\MSBuild\Microsoft.Cpp\v4.0\V120\Microsoft.CppBuild.targets(381,5): warning MSB8028: The intermediate directory (Debug\) contains files shared from another project (OpenGLMeshLoader.vcxproj).  This can lead to incorrect clean and rebuild behavior.
     1>ClCompile:
         C:\Program Files (x86)\Microsoft Visual Studio 12.0\VC\bin\CL.exe /c /I"C:\Users\Mostafa\Documents\Visual Studio 2013\Projects\Project\Debug\\.." /ZI /nologo /W3 /WX- /Od /Oy- /D WIN32 /D _DEBUG /D _CONSOLE /D _MBCS /Gm /EHsc /RTC1 /MDd /GS /fp:precise /Zc:wchar_t /Zc:forScope /Fo"Debug\\" /Fd"Debug\vc120.pdb" /Gd /TP /analyze- /errorReport:prompt spaceship.cpp
         spaceship.cpp
     1>c:\users\mostafa\documents\visual studio 2013\projects\project\texturebuilder.h(27): warning C4244: 'argument' : conversion from 'int' to 'GLfloat', possible loss of data
     1>c:\users\mostafa\documents\visual studio 2013\projects\project\texturebuilder.h(28): warning C4244: 'argument' : conversion from 'int' to 'GLfloat', possible loss of data
     1>c:\users\mostafa\documents\visual studio 2013\projects\project\spaceship.cpp(206): warning C4172: returning address of local variable or temporary
     1>c:\users\mostafa\documents\visual studio 2013\projects\project\spaceship.cpp(461): warning C4996: 'strncpy': This function or variable may be unsafe. Consider using strncpy_s instead. To disable deprecation, use _CRT_SECURE_NO_WARNINGS. See online help for details.
                 c:\program files (x86)\microsoft visual studio 12.0\vc\include\string.h(195) : see declaration of 'strncpy'
     1>c:\users\mostafa\documents\visual studio 2013\projects\project\spaceship.cpp(473): warning C4996: 'strncpy': This function or variable may be unsafe. Consider using strncpy_s instead. To disable deprecation, use _CRT_SECURE_NO_WARNINGS. See online help for details.
                 c:\program files (x86)\microsoft visual studio 12.0\vc\include\string.h(195) : see declaration of 'strncpy'
       Link:
         C:\Program Files (x86)\Microsoft Visual Studio 12.0\VC\bin\link.exe /ERRORREPORT:PROMPT /OUT:"C:\Users\Mostafa\Documents\Visual Studio 2013\Projects\Project\Debug\spaceship.exe" /INCREMENTAL:NO /NOLOGO /LIBPATH:"C:\Users\Mostafa\Documents\Visual Studio 2013\Projects\Project\Debug\\.." glut32.lib kernel32.lib user32.lib gdi32.lib winspool.lib comdlg32.lib advapi32.lib shell32.lib ole32.lib oleaut32.lib uuid.lib odbc32.lib odbccp32.lib /MANIFEST /MANIFESTUAC:"level='asInvoker' uiAccess='false'" /manifest:embed /DEBUG /PDB:"C:\Users\Mostafa\Documents\Visual Studio 2013\Projects\Project\Debug\spaceship.pdb" /SUBSYSTEM:CONSOLE /TLBID:1 /DYNAMICBASE /NXCOMPAT /IMPLIB:"C:\Users\Mostafa\Documents\Visual Studio 2013\Projects\Project\Debug\spaceship.lib" /MACHINE:X86 Debug\GLTexture.obj
         Debug\Model_3DS.obj
         Debug\spaceship.obj
     1>GLTexture.obj : warning LNK4075: ignoring '/EDITANDCONTINUE' due to '/OPT:LBR' specification
         OpenGLMeshLoader.vcxproj -> C:\Users\Mostafa\Documents\Visual Studio 2013\Projects\Project\Debug\spaceship.exe
     1>Done Building Project "C:\Users\Mostafa\Documents\Visual Studio 2013\Projects\Project\OpenGLMeshLoader.vcxproj" (Build target(s)).

Build succeeded.

Time Elapsed 00:00:05.48
